app/build/outputs/logs/manifest-merger-release-report.txt
-- Merging decision tree log ---
manifest
ADDED from src/main/AndroidManifest.xml:2:1-58:12
INJECTED from src/main/AndroidManifest.xml:2:1-58:12
INJECTED from src/main/AndroidManifest.xml:2:1-58:12
INJECTED from src/main/AndroidManifest.xml:2:1-58:12
MERGED from [com.android.support:appcompat-v7:22.2.1] AndroidManifest.xml:17:1-24:12
MERGED from [com.android.support:support-v13:22.2.1] AndroidManifest.xml:17:1-24:12
MERGED from [com.android.support:support-v4:22.2.1] AndroidManifest.xml:17:1-24:12
INJECTED from src/main/AndroidManifest.xml:2:1-58:12
INJECTED from src/main/AndroidManifest.xml:2:1-58:12
INJECTED from src/main/AndroidManifest.xml:2:1-58:12
	package
		ADDED from src/main/AndroidManifest.xml:3:5-40
		INJECTED from src/main/AndroidManifest.xml
		INJECTED from src/main/AndroidManifest.xml
	android:versionName
		ADDED from src/main/AndroidManifest.xml:5:5-30
		INJECTED from src/main/AndroidManifest.xml
		INJECTED from src/main/AndroidManifest.xml
	xmlns:android
		ADDED from src/main/AndroidManifest.xml:2:11-69
	android:versionCode
		ADDED from src/main/AndroidManifest.xml:4:5-28
		INJECTED from src/main/AndroidManifest.xml
		INJECTED from src/main/AndroidManifest.xml
uses-permission#android.permission.VIBRATE
ADDED from src/main/AndroidManifest.xml:7:2-62
	android:name
		ADDED from src/main/AndroidManifest.xml:7:19-60
uses-permission#android.permission.WAKE_LOCK
ADDED from src/main/AndroidManifest.xml:8:2-64
	android:name
		ADDED from src/main/AndroidManifest.xml:8:19-62
uses-permission#android.permission.INTERNET
ADDED from src/main/AndroidManifest.xml:9:2-64
	android:name
		ADDED from src/main/AndroidManifest.xml:9:19-61
uses-permission#android.permission.DISABLE_KEYGUARD
ADDED from src/main/AndroidManifest.xml:10:2-72
	android:name
		ADDED from src/main/AndroidManifest.xml:10:19-69
application
ADDED from src/main/AndroidManifest.xml:11:5-56:19
MERGED from [com.android.support:appcompat-v7:22.2.1] AndroidManifest.xml:22:5-20
MERGED from [com.android.support:appcompat-v7:22.2.1] AndroidManifest.xml:22:5-20
MERGED from [com.android.support:support-v13:22.2.1] AndroidManifest.xml:22:5-20
MERGED from [com.android.support:support-v13:22.2.1] AndroidManifest.xml:22:5-20
MERGED from [com.android.support:support-v4:22.2.1] AndroidManifest.xml:22:5-20
MERGED from [com.android.support:support-v4:22.2.1] AndroidManifest.xml:22:5-20
	android:label
		ADDED from src/main/AndroidManifest.xml:14:9-41
	android:icon
		ADDED from src/main/AndroidManifest.xml:13:9-45
	android:allowBackup
		ADDED from src/main/AndroidManifest.xml:12:9-35
	android:theme
		ADDED from src/main/AndroidManifest.xml:15:9-53
activity#com.karkoszka.cookingtime.activities.MainActivity
ADDED from src/main/AndroidManifest.xml:16:9-25:20
	android:screenOrientation
		ADDED from src/main/AndroidManifest.xml:19:10-46
	android:label
		ADDED from src/main/AndroidManifest.xml:18:13-45
	android:launchMode
		ADDED from src/main/AndroidManifest.xml:20:10-39
	android:name
		ADDED from src/main/AndroidManifest.xml:17:13-77
intent-filter#action:name:android.intent.action.MAIN+category:name:android.intent.category.LAUNCHER
ADDED from src/main/AndroidManifest.xml:21:13-24:29
action#android.intent.action.MAIN
ADDED from src/main/AndroidManifest.xml:22:17-69
	android:name
		ADDED from src/main/AndroidManifest.xml:22:25-66
category#android.intent.category.LAUNCHER
ADDED from src/main/AndroidManifest.xml:23:5-65
	android:name
		ADDED from src/main/AndroidManifest.xml:23:15-62
activity#com.karkoszka.cookingtime.activities.SetPlateActivity
ADDED from src/main/AndroidManifest.xml:26:9-37:20
	android:screenOrientation
		ADDED from src/main/AndroidManifest.xml:29:10-46
	android:parentActivityName
		ADDED from src/main/AndroidManifest.xml:31:10-88
	android:label
		ADDED from src/main/AndroidManifest.xml:28:13-60
	android:launchMode
		ADDED from src/main/AndroidManifest.xml:30:10-39
	android:name
		ADDED from src/main/AndroidManifest.xml:27:13-56
meta-data#android.support.PARENT_ACTIVITY
ADDED from src/main/AndroidManifest.xml:33:11-35:83
	android:value
		ADDED from src/main/AndroidManifest.xml:35:15-80
	android:name
		ADDED from src/main/AndroidManifest.xml:34:15-61
activity#com.karkoszka.cookingtime.activities.ColorChoserActivity
ADDED from src/main/AndroidManifest.xml:38:9-49:20
	android:screenOrientation
		ADDED from src/main/AndroidManifest.xml:41:10-46
	android:parentActivityName
		ADDED from src/main/AndroidManifest.xml:43:10-92
	android:label
		ADDED from src/main/AndroidManifest.xml:40:13-64
	android:launchMode
		ADDED from src/main/AndroidManifest.xml:42:10-39
	android:name
		ADDED from src/main/AndroidManifest.xml:39:13-59
receiver#com.karkoszka.cookingtime.services.CTBroadcastReceiver
ADDED from src/main/AndroidManifest.xml:50:9-51:20
	android:name
		ADDED from src/main/AndroidManifest.xml:50:19-88
service#com.karkoszka.cookingtime.services.AlarmSoundService
ADDED from src/main/AndroidManifest.xml:52:9-55:84
	android:enabled
		ADDED from src/main/AndroidManifest.xml:53:13-35
	android:permission
		ADDED from src/main/AndroidManifest.xml:55:13-81
	android:name
		ADDED from src/main/AndroidManifest.xml:54:13-80
uses-sdk
INJECTED from src/main/AndroidManifest.xml reason: use-sdk injection requested
INJECTED from src/main/AndroidManifest.xml
MERGED from [com.android.support:appcompat-v7:22.2.1] AndroidManifest.xml:20:5-43
MERGED from [com.android.support:appcompat-v7:22.2.1] AndroidManifest.xml:20:5-43
MERGED from [com.android.support:support-v13:22.2.1] AndroidManifest.xml:20:5-44
MERGED from [com.android.support:support-v13:22.2.1] AndroidManifest.xml:20:5-44
MERGED from [com.android.support:support-v4:22.2.1] AndroidManifest.xml:20:5-43
MERGED from [com.android.support:support-v4:22.2.1] AndroidManifest.xml:20:5-43
INJECTED from src/main/AndroidManifest.xml
	android:minSdkVersion
		INJECTED from src/main/AndroidManifest.xml
		ADDED from src/main/AndroidManifest.xml
		INJECTED from src/main/AndroidManifest.xml